  20240910_BingoGame.cpp
C:\Users\KGA\Desktop\KGA_8th_최현성\Assignments\20240910\20240910_BingoGame.cpp(81,12): warning C4244: '인수': 'time_t'에서 'unsigned int'(으)로 변환하면서 데이터가 손실될 수 있습니다.
C:\Users\KGA\Desktop\KGA_8th_최현성\Assignments\20240910\20240910_BingoGame.cpp(174,7): warning C4804: '>=': 연산에 'bool' 형식을 사용하는 것은 안전하지 않습니다.
C:\Users\KGA\Desktop\KGA_8th_최현성\Assignments\20240910\20240910_BingoGame.cpp(174,24): warning C4804: '<=': 연산에 'bool' 형식을 사용하는 것은 안전하지 않습니다.
  20240910_BingoGame2.cpp
C:\Users\KGA\Desktop\KGA_8th_최현성\Assignments\20240910\20240910_BingoGame2.cpp(82,12): warning C4244: '인수': 'time_t'에서 'unsigned int'(으)로 변환하면서 데이터가 손실될 수 있습니다.
C:\Users\KGA\Desktop\KGA_8th_최현성\Assignments\20240910\20240910_BingoGame2.cpp(85,6): warning C4101: 'dest' :참조되지 않은 지역 변수입니다.
C:\Users\KGA\Desktop\KGA_8th_최현성\Assignments\20240910\20240910_BingoGame2.cpp(86,6): warning C4101: 'sour' :참조되지 않은 지역 변수입니다.
C:\Users\KGA\Desktop\KGA_8th_최현성\Assignments\20240910\20240910_BingoGame2.cpp(87,6): warning C4101: 'temp' :참조되지 않은 지역 변수입니다.
  20240910_BoxVolumeCalc.cpp
  코드를 생성하고 있습니다...
C:\Users\KGA\Desktop\KGA_8th_최현성\Assignments\20240910\20240910_BingoGame2.cpp(38,1): warning C4715: 'lobby': 모든 제어 경로에서 값을 반환하지는 않습니다.
C:\Users\KGA\Desktop\KGA_8th_최현성\Assignments\20240910\20240910_BingoGame.cpp(48,1): warning C4715: 'lobby': 모든 제어 경로에서 값을 반환하지는 않습니다.
20240910_BingoGame2.obj : error LNK2005: "int __cdecl lobby(void)" (?lobby@@YAHXZ)이(가) 20240910_BingoGame.obj에 이미 정의되어 있습니다.
20240910_BingoGame2.obj : error LNK2005: "void __cdecl maingame(void)" (?maingame@@YAXXZ)이(가) 20240910_BingoGame.obj에 이미 정의되어 있습니다.
20240910_BingoGame2.obj : error LNK2005: "void __cdecl separatorE(void)" (?separatorE@@YAXXZ)이(가) 20240910_BingoGame.obj에 이미 정의되어 있습니다.
20240910_BingoGame2.obj : error LNK2005: "void __cdecl separatorS(void)" (?separatorS@@YAXXZ)이(가) 20240910_BingoGame.obj에 이미 정의되어 있습니다.
20240910_BingoGame2.obj : error LNK2005: main이(가) 20240910_BingoGame.obj에 이미 정의되어 있습니다.
20240910_BoxVolumeCalc.obj : error LNK2005: main이(가) 20240910_BingoGame.obj에 이미 정의되어 있습니다.
C:\Users\KGA\Desktop\KGA_8th_최현성\Assignments\x64\Debug\20240910.exe : fatal error LNK1169: 여러 번 정의된 기호가 있습니다.
